{
  "stats": {
    "suites": 1,
    "tests": 3,
    "passes": 3,
    "pending": 0,
    "failures": 0,
    "start": "2023-12-08T02:38:26.551Z",
    "end": "2023-12-08T02:38:43.544Z",
    "duration": 16993,
    "testsRegistered": 3,
    "passPercent": 100,
    "pendingPercent": 0,
    "other": 0,
    "hasOther": false,
    "skipped": 0,
    "hasSkipped": false
  },
  "results": [
    {
      "uuid": "d72e7abe-7ff9-4501-886e-e2c90fa78fc4",
      "title": "",
      "fullFile": "cypress\\e2e\\methods\\hidingcred.js",
      "file": "cypress\\e2e\\methods\\hidingcred.js",
      "beforeHooks": [],
      "afterHooks": [],
      "tests": [],
      "suites": [
        {
          "uuid": "51e6ed63-9e24-4170-a2bf-52ea5804d37f",
          "title": "practicing hooks",
          "fullFile": "",
          "file": "",
          "beforeHooks": [],
          "afterHooks": [],
          "tests": [
            {
              "title": "Test 1",
              "fullTitle": "practicing hooks Test 1",
              "timedOut": null,
              "duration": 11451,
              "state": "passed",
              "speed": "slow",
              "pass": true,
              "fail": false,
              "pending": false,
              "context": null,
              "code": "cy.visit('/');\ncy.contains('Admin').click();\ncy.get(_admin.admin.addButton).click();",
              "err": {},
              "uuid": "64669233-e754-4a89-95e5-e7d6963efa9d",
              "parentUUID": "51e6ed63-9e24-4170-a2bf-52ea5804d37f",
              "isHook": false,
              "skipped": false
            },
            {
              "title": "Test 2",
              "fullTitle": "practicing hooks Test 2",
              "timedOut": null,
              "duration": 3104,
              "state": "passed",
              "speed": "fast",
              "pass": true,
              "fail": false,
              "pending": false,
              "context": null,
              "code": "cy.visit('/');\ncy.contains(\"Claim\").click();",
              "err": {},
              "uuid": "7989120e-edcc-4293-9d6d-cf1d1cfe4014",
              "parentUUID": "51e6ed63-9e24-4170-a2bf-52ea5804d37f",
              "isHook": false,
              "skipped": false
            },
            {
              "title": "Test 2",
              "fullTitle": "practicing hooks Test 2",
              "timedOut": null,
              "duration": 2401,
              "state": "passed",
              "speed": "fast",
              "pass": true,
              "fail": false,
              "pending": false,
              "context": null,
              "code": "cy.visit('/');\ncy.contains(\"Directory\").click();",
              "err": {},
              "uuid": "2c830f62-ee1e-461f-952e-3f0e2845aadc",
              "parentUUID": "51e6ed63-9e24-4170-a2bf-52ea5804d37f",
              "isHook": false,
              "skipped": false
            }
          ],
          "suites": [],
          "passes": [
            "64669233-e754-4a89-95e5-e7d6963efa9d",
            "7989120e-edcc-4293-9d6d-cf1d1cfe4014",
            "2c830f62-ee1e-461f-952e-3f0e2845aadc"
          ],
          "failures": [],
          "pending": [],
          "skipped": [],
          "duration": 16956,
          "root": false,
          "rootEmpty": false,
          "_timeout": 2000
        }
      ],
      "passes": [],
      "failures": [],
      "pending": [],
      "skipped": [],
      "duration": 0,
      "root": true,
      "rootEmpty": true,
      "_timeout": 2000
    }
  ],
  "meta": {
    "mocha": {
      "version": "7.0.1"
    },
    "mochawesome": {
      "options": {
        "quiet": false,
        "reportFilename": "mochawesome",
        "saveHtml": true,
        "saveJson": true,
        "consoleReporter": "spec",
        "useInlineDiffs": false,
        "code": true
      },
      "version": "7.1.3"
    },
    "marge": {
      "options": null,
      "version": "6.2.0"
    }
  }
}